22:30:34 **** Incremental Build of configuration Debug for project phal_driver_stm32f4x ****
make -j4 all 
arm-none-eabi-gcc "../phal_driver/Src/phal_gpio_stm32f4x.c" -mcpu=cortex-m4 -std=gnu11 -g3 -DDEBUG -DSTM32 -DSTM32F4 -DSTM32F407VGTx -c -I../Inc -I"D:/my_computer/Project_STM32_Driver/02-Project_source/phal_driver_stm32f4x/phal_driver/Inc" -O0 -ffunction-sections -fdata-sections -Wall -fstack-usage -fcyclomatic-complexity -MMD -MP -MF"phal_driver/Src/phal_gpio_stm32f4x.d" -MT"phal_driver/Src/phal_gpio_stm32f4x.o" --specs=nano.specs -mfpu=fpv4-sp-d16 -mfloat-abi=hard -mthumb -o "phal_driver/Src/phal_gpio_stm32f4x.o"
In file included from ../phal_driver/Src/phal_gpio_stm32f4x.c:15:
D:/my_computer/Project_STM32_Driver/02-Project_source/phal_driver_stm32f4x/phal_driver/Inc/phal_gpio_stm32f4x.h:18:10: fatal error: stm32f4xxxx.h: No such file or directory
   18 | #include "stm32f4xxxx.h"
      |          ^~~~~~~~~~~~~~~
compilation terminated.
make: *** [phal_driver/Src/subdir.mk:22: phal_driver/Src/phal_gpio_stm32f4x.o] Error 1
"make -j4 all" terminated with exit code 2. Build might be incomplete.

22:30:37 Build Failed. 2 errors, 0 warnings. (took 2s.970ms)

